<?xml version="1.0" encoding="UTF-8"?>
<!-- Generated by org.testng.reporters.JUnitXMLReporter -->
<testsuite ignored="0" hostname="DESKTOP-OF3OC9C" failures="2" tests="10" name="Test" time="0.045" errors="0" timestamp="2023-08-10T12:06:21 IST">
  <testcase classname="testNGAnnotations.TestAnnotation" name="RegistationPage" time="0.003"/>
  <testcase classname="testNGAnnotations.TestAnnotation" name="SignInPage" time="0.001"/>
  <testcase classname="testNGAnnotations.BeforeClassAnnotation" name="HomePage" time="0.0"/>
  <testcase classname="testNGAnnotations.BeforeClassAnnotation" name="Login" time="0.0"/>
  <testcase classname="testNGAnnotations.BeforeClassAnnotation" name="Register" time="0.001"/>
  <testcase classname="testNGAnnotations.BeforeMethodAnnotation" name="HomePage" time="0.0"/>
  <testcase classname="testNGAnnotations.BeforeMethodAnnotation" name="Login" time="0.0"/>
  <testcase classname="testNGAnnotations.BeforeMethodAnnotation" name="Register" time="0.0"/>
  <testcase classname="testNGAnnotations.ParameterizationAnnotation" name="LaunchBrowser" time="0.0">
    <failure type="org.testng.TestNGException" message="
Parameter &amp;apos;URL&amp;apos; is required by @Test on method LaunchBrowser but has not been marked @Optional or defined
in C:\Users\Testriq_D25\git\repository\SeleniumWithJava\testng.xml">
      <![CDATA[org.testng.TestNGException: 
Parameter 'URL' is required by @Test on method LaunchBrowser but has not been marked @Optional or defined
in C:\Users\Testriq_D25\git\repository\SeleniumWithJava\testng.xml
at java.base/java.util.ArrayList.forEach(ArrayList.java:1511)
... Removed 26 stack frames]]>
    </failure>
  </testcase> <!-- LaunchBrowser -->
  <testcase classname="testNGAnnotations.DataProviderAnnotation" name="LoginTest" time="0.0">
    <failure type="org.testng.TestNGException" message="
Cannot inject @Test annotated Method [LoginTest] with [class java.lang.String, class java.lang.String].
For more information on native dependency injection please refer to https://testng.org/doc/documentation-main.html#native-dependency-injection">
      <![CDATA[org.testng.TestNGException: 
Cannot inject @Test annotated Method [LoginTest] with [class java.lang.String, class java.lang.String].
For more information on native dependency injection please refer to https://testng.org/doc/documentation-main.html#native-dependency-injection
at java.base/java.util.ArrayList.forEach(ArrayList.java:1511)
... Removed 26 stack frames]]>
    </failure>
  </testcase> <!-- LoginTest -->
</testsuite> <!-- Test -->
